info: ::1 - - [10/Nov/2022:02:38:44 +0000] "POST /api/v1/users HTTP/1.1" 500 54 "-" "PostmanRuntime/7.29.2"

info: ::1 - - [10/Nov/2022:02:39:03 +0000] "POST /api/v1/users HTTP/1.1" 500 77 "-" "PostmanRuntime/7.29.2"

info: ::1 - - [10/Nov/2022:02:39:21 +0000] "POST /api/v1/users HTTP/1.1" 201 253 "-" "PostmanRuntime/7.29.2"

info: ::1 - - [10/Nov/2022:02:42:55 +0000] "POST /api/v1/users HTTP/1.1" 201 253 "-" "PostmanRuntime/7.29.2"

info: ::1 - - [10/Nov/2022:02:42:58 +0000] "POST /api/v1/users HTTP/1.1" 201 253 "-" "PostmanRuntime/7.29.2"

info: ::1 - - [10/Nov/2022:02:44:08 +0000] "POST /api/v1/users HTTP/1.1" 500 56 "-" "PostmanRuntime/7.29.2"

info: ::1 - - [10/Nov/2022:02:44:33 +0000] "POST /api/v1/users HTTP/1.1" 500 66 "-" "PostmanRuntime/7.29.2"

info: ::1 - - [10/Nov/2022:02:44:49 +0000] "POST /api/v1/users HTTP/1.1" 201 285 "-" "PostmanRuntime/7.29.2"

info: ::1 - - [10/Nov/2022:02:58:26 +0000] "GET /api/v1/users/636c65a06a648a2804829331 HTTP/1.1" 400 56 "-" "PostmanRuntime/7.29.2"

info: ::1 - - [10/Nov/2022:02:58:31 +0000] "GET /api/v1/users/636c65a06a648a2804829331 HTTP/1.1" 400 56 "-" "PostmanRuntime/7.29.2"

info: ::1 - - [10/Nov/2022:02:58:44 +0000] "GET /api/v1/users/636c65a06a648a2804829331 HTTP/1.1" 400 56 "-" "PostmanRuntime/7.29.2"

info: ::1 - - [10/Nov/2022:02:58:54 +0000] "GET /api/v1/users/636c65a06a648a2804829331 HTTP/1.1" 400 56 "-" "PostmanRuntime/7.29.2"

info: ::1 - - [10/Nov/2022:02:59:09 +0000] "GET /api/v1/users/636c65a06a648a2804829331?_id=636c65a06a648a2804829331 HTTP/1.1" 400 56 "-" "PostmanRuntime/7.29.2"

info: ::1 - - [10/Nov/2022:02:59:11 +0000] "GET /api/v1/users/636c65a06a648a2804829331?_id=636c65a06a648a2804829331 HTTP/1.1" 400 56 "-" "PostmanRuntime/7.29.2"

info: ::1 - - [10/Nov/2022:02:59:32 +0000] "GET /api/v1/users/636c65a06a648a2804829331?_id=636c65a06a648a2804829331 HTTP/1.1" 400 56 "-" "PostmanRuntime/7.29.2"

info: ::1 - - [10/Nov/2022:02:59:33 +0000] "GET /api/v1/users/636c65a06a648a2804829331?_id=636c65a06a648a2804829331 HTTP/1.1" 400 56 "-" "PostmanRuntime/7.29.2"

info: ::1 - - [10/Nov/2022:02:59:50 +0000] "GET /api/v1/users/636c65a06a648a2804829331?_id=636c65a06a648a2804829331 HTTP/1.1" 400 56 "-" "PostmanRuntime/7.29.2"

info: ::1 - - [10/Nov/2022:02:59:51 +0000] "GET /api/v1/users/636c65a06a648a2804829331?_id=636c65a06a648a2804829331 HTTP/1.1" 400 56 "-" "PostmanRuntime/7.29.2"

info: ::1 - - [10/Nov/2022:02:59:52 +0000] "GET /api/v1/users/636c65a06a648a2804829331?_id=636c65a06a648a2804829331 HTTP/1.1" 400 56 "-" "PostmanRuntime/7.29.2"

info: ::1 - - [10/Nov/2022:03:00:38 +0000] "POST /api/v1/users/636c65a06a648a2804829331?_id=636c65a06a648a2804829331 HTTP/1.1" 404 47 "-" "PostmanRuntime/7.29.2"

info: ::1 - - [10/Nov/2022:03:00:41 +0000] "POST /api/v1/users/636c65a06a648a2804829331?_id=636c65a06a648a2804829331 HTTP/1.1" 404 47 "-" "PostmanRuntime/7.29.2"

info: ::1 - - [10/Nov/2022:03:00:43 +0000] "POST /api/v1/users/636c65a06a648a2804829331?_id=636c65a06a648a2804829331 HTTP/1.1" 404 47 "-" "PostmanRuntime/7.29.2"

info: ::1 - - [10/Nov/2022:03:00:51 +0000] "POST /api/v1/users HTTP/1.1" 201 285 "-" "PostmanRuntime/7.29.2"

info: ::1 - - [10/Nov/2022:03:01:15 +0000] "GET /api/v1/users/636c69639719ae245c16eba6 HTTP/1.1" 400 56 "-" "PostmanRuntime/7.29.2"

info: ::1 - - [10/Nov/2022:03:01:30 +0000] "GET /api/v1/users/636c69639719ae245c16eba6?_id=636c69639719ae245c16eba6 HTTP/1.1" 400 56 "-" "PostmanRuntime/7.29.2"

info: ::1 - - [10/Nov/2022:03:01:38 +0000] "GET /api/v1/users/636c69639719ae245c16eba6?id=636c69639719ae245c16eba6 HTTP/1.1" 400 56 "-" "PostmanRuntime/7.29.2"

info: ::1 - - [10/Nov/2022:03:01:40 +0000] "GET /api/v1/users/636c69639719ae245c16eba6?id=636c69639719ae245c16eba6 HTTP/1.1" 400 56 "-" "PostmanRuntime/7.29.2"

info: ::1 - - [10/Nov/2022:03:04:11 +0000] "GET /api/v1/users/636c69639719ae245c16eba6?id=636c69639719ae245c16eba6 HTTP/1.1" 400 56 "-" "PostmanRuntime/7.29.2"

info: ::1 - - [10/Nov/2022:03:04:12 +0000] "GET /api/v1/users/636c69639719ae245c16eba6?id=636c69639719ae245c16eba6 HTTP/1.1" 400 56 "-" "PostmanRuntime/7.29.2"

info: ::1 - - [10/Nov/2022:03:04:25 +0000] "GET /api/v1/users/636c69639719ae245c16eba6?id=636c69639719ae245c16eba6 HTTP/1.1" 400 56 "-" "PostmanRuntime/7.29.2"

info: ::1 - - [10/Nov/2022:03:04:34 +0000] "POST /api/v1/users HTTP/1.1" 201 285 "-" "PostmanRuntime/7.29.2"

info: ::1 - - [10/Nov/2022:03:04:55 +0000] "GET /api/v1/users HTTP/1.1" 200 520 "-" "PostmanRuntime/7.29.2"

info: ::1 - - [10/Nov/2022:03:05:24 +0000] "GET /api/v1/users?_id=636c6a423564463dc8377872 HTTP/1.1" 200 520 "-" "PostmanRuntime/7.29.2"

info: ::1 - - [10/Nov/2022:03:08:40 +0000] "GET /api/v1/users/636c6a423564463dc8377872 HTTP/1.1" 400 56 "-" "PostmanRuntime/7.29.2"

info: ::1 - - [10/Nov/2022:03:08:43 +0000] "GET /api/v1/users/636c6a423564463dc8377872 HTTP/1.1" 400 56 "-" "PostmanRuntime/7.29.2"

info: ::1 - - [10/Nov/2022:03:08:53 +0000] "GET /api/v1/users/:636c6a423564463dc8377872 HTTP/1.1" 400 56 "-" "PostmanRuntime/7.29.2"

info: ::1 - - [10/Nov/2022:03:09:57 +0000] "GET /api/v1/users/636c6a423564463dc8377872?_id=636c6a423564463dc8377872 HTTP/1.1" 400 56 "-" "PostmanRuntime/7.29.2"

info: ::1 - - [10/Nov/2022:03:09:59 +0000] "GET /api/v1/users/636c6a423564463dc8377872?_id=636c6a423564463dc8377872 HTTP/1.1" 400 56 "-" "PostmanRuntime/7.29.2"

info: ::1 - - [10/Nov/2022:03:10:00 +0000] "GET /api/v1/users/636c6a423564463dc8377872?_id=636c6a423564463dc8377872 HTTP/1.1" 400 56 "-" "PostmanRuntime/7.29.2"

info: ::1 - - [10/Nov/2022:03:11:24 +0000] "POST /api/v1/users HTTP/1.1" 201 285 "-" "PostmanRuntime/7.29.2"

info: ::1 - - [10/Nov/2022:03:11:53 +0000] "POST /api/v1/users?_id=636c6bdbd445df3688891647 HTTP/1.1" 201 285 "-" "PostmanRuntime/7.29.2"

info: ::1 - - [10/Nov/2022:03:12:06 +0000] "POST /api/v1/users/636c6bdbd445df3688891647 HTTP/1.1" 404 47 "-" "PostmanRuntime/7.29.2"

info: ::1 - - [10/Nov/2022:03:12:14 +0000] "POST /api/v1/users636c6bdbd445df3688891647 HTTP/1.1" 404 47 "-" "PostmanRuntime/7.29.2"

info: ::1 - - [10/Nov/2022:03:12:22 +0000] "POST /api/v1/users/:636c6bdbd445df3688891647 HTTP/1.1" 404 47 "-" "PostmanRuntime/7.29.2"

info: ::1 - - [10/Nov/2022:03:12:37 +0000] "POST /api/v1/users/636c6bdbd445df3688891647 HTTP/1.1" 404 47 "-" "PostmanRuntime/7.29.2"

info: ::1 - - [10/Nov/2022:03:14:51 +0000] "GET /api/v1/users HTTP/1.1" 200 520 "-" "PostmanRuntime/7.29.2"

info: ::1 - - [10/Nov/2022:03:23:27 +0000] "GET /api/v1/users/636c6bdbd445df3688891647 HTTP/1.1" 400 56 "-" "PostmanRuntime/7.29.2"

info: ::1 - - [10/Nov/2022:03:23:36 +0000] "GET /api/v1/users/636c6bdbd445df3688891647 HTTP/1.1" 400 56 "-" "PostmanRuntime/7.29.2"

info: ::1 - - [10/Nov/2022:03:24:18 +0000] "GET /api/v1/users HTTP/1.1" 200 520 "-" "PostmanRuntime/7.29.2"

info: ::1 - - [10/Nov/2022:03:24:27 +0000] "GET /api/v1/users/636c6bdbd445df3688891647 HTTP/1.1" 200 285 "-" "PostmanRuntime/7.29.2"

info: ::1 - - [10/Nov/2022:03:24:54 +0000] "GET /api/v1/users/636c6bdbd445df3688891647 HTTP/1.1" 400 56 "-" "PostmanRuntime/7.29.2"

info: ::1 - - [10/Nov/2022:03:27:48 +0000] "GET /api/v1/users/636c6bdbd445df3688891647 HTTP/1.1" 200 285 "-" "PostmanRuntime/7.29.2"

info: ::1 - - [10/Nov/2022:03:32:07 +0000] "PUT /api/v1/users/636c6bdbd445df3688891647 HTTP/1.1" 202 285 "-" "PostmanRuntime/7.29.2"

info: ::1 - - [10/Nov/2022:03:32:17 +0000] "PUT /api/v1/users/636c6bdbd445df3688891647 HTTP/1.1" 202 288 "-" "PostmanRuntime/7.29.2"

info: ::1 - - [10/Nov/2022:03:32:46 +0000] "DELETE /api/v1/users/636c6bdbd445df3688891647 HTTP/1.1" 200 60 "-" "PostmanRuntime/7.29.2"

info: ::1 - - [10/Nov/2022:03:33:04 +0000] "GET /api/v1/users HTTP/1.1" 200 292 "-" "PostmanRuntime/7.29.2"

info: ::1 - - [10/Nov/2022:03:33:47 +0000] "PUT /api/v1/users HTTP/1.1" 404 47 "-" "PostmanRuntime/7.29.2"

info: ::1 - - [10/Nov/2022:03:33:56 +0000] "POST /api/v1/users HTTP/1.1" 500 90 "-" "PostmanRuntime/7.29.2"

info: ::1 - - [10/Nov/2022:03:34:03 +0000] "POST /api/v1/users HTTP/1.1" 201 279 "-" "PostmanRuntime/7.29.2"

info: ::1 - - [10/Nov/2022:03:34:12 +0000] "GET /api/v1/users HTTP/1.1" 200 514 "-" "PostmanRuntime/7.29.2"

info: ::1 - - [10/Nov/2022:03:34:43 +0000] "PUT /api/v1/users/636c712b479f3b1dd09e71b2 HTTP/1.1" 202 279 "-" "PostmanRuntime/7.29.2"

info: ::1 - - [10/Nov/2022:03:34:51 +0000] "PUT /api/v1/users/636c712b479f3b1dd09e71b2 HTTP/1.1" 202 282 "-" "PostmanRuntime/7.29.2"

info: ::1 - - [10/Nov/2022:03:35:16 +0000] "DELETE /api/v1/users/636c712b479f3b1dd09e71b2 HTTP/1.1" 200 60 "-" "PostmanRuntime/7.29.2"

info: ::1 - - [10/Nov/2022:03:35:28 +0000] "DELETE /api/v1/users HTTP/1.1" 404 47 "-" "PostmanRuntime/7.29.2"

info: ::1 - - [10/Nov/2022:03:35:36 +0000] "GET /api/v1/users HTTP/1.1" 200 292 "-" "PostmanRuntime/7.29.2"

info: ::1 - - [10/Nov/2022:03:42:59 +0000] "POST /api/v1/users HTTP/1.1" 500 102 "-" "PostmanRuntime/7.29.2"

info: ::1 - - [10/Nov/2022:03:43:07 +0000] "POST /api/v1/users HTTP/1.1" 201 280 "-" "PostmanRuntime/7.29.2"

info: ::1 - - [10/Nov/2022:03:43:46 +0000] "PUT /api/v1/users/id:636c734bd3128a3a78055d59 HTTP/1.1" 500 158 "-" "PostmanRuntime/7.29.2"

info: ::1 - - [10/Nov/2022:03:44:31 +0000] "PUT /api/v1/users/636c734bd3128a3a78055d59 HTTP/1.1" 202 280 "-" "PostmanRuntime/7.29.2"

info: ::1 - - [10/Nov/2022:03:49:21 +0000] "PUT /api/v1/users/update636c734bd3128a3a78055d59 HTTP/1.1" 500 163 "-" "PostmanRuntime/7.29.2"

info: ::1 - - [10/Nov/2022:03:50:07 +0000] "PUT /api/v1/users/636c734bd3128a3a78055d59 HTTP/1.1" 202 280 "-" "PostmanRuntime/7.29.2"

info: ::1 - - [10/Nov/2022:03:51:06 +0000] "PUT /api/v1/users/update/636c734bd3128a3a78055d59 HTTP/1.1" 202 280 "-" "PostmanRuntime/7.29.2"

info: ::1 - - [10/Nov/2022:03:51:42 +0000] "PUT /api/v1/users/update/636c734bd3128a3a78055d59 HTTP/1.1" 202 280 "-" "PostmanRuntime/7.29.2"

info: ::1 - - [10/Nov/2022:03:51:55 +0000] "PUT /api/v1/users/update/636c734bd3128a3a78055d59 HTTP/1.1" 202 279 "-" "PostmanRuntime/7.29.2"

info: ::1 - - [10/Nov/2022:03:54:53 +0000] "PUT /api/v1/users/update/636c734bd3128a3a78055d59 HTTP/1.1" 202 279 "-" "PostmanRuntime/7.29.2"

info: ::1 - - [10/Nov/2022:04:11:57 +0000] "PUT /api/v1/users/update/saik HTTP/1.1" 202 280 "-" "PostmanRuntime/7.29.2"

info: ::1 - - [10/Nov/2022:04:13:17 +0000] "PUT /api/v1/users/update/saik HTTP/1.1" 202 280 "-" "PostmanRuntime/7.29.2"

info: ::1 - - [10/Nov/2022:04:17:34 +0000] "PUT /api/v1/users/delete/636c734bd3128a3a78055d59 HTTP/1.1" 404 47 "-" "PostmanRuntime/7.29.2"

info: ::1 - - [10/Nov/2022:04:18:07 +0000] "GET /api/v1/users HTTP/1.1" 200 515 "-" "PostmanRuntime/7.29.2"

info: ::1 - - [10/Nov/2022:04:20:12 +0000] "GET /api/v1/users/delete/636c6bf9d445df3688891649 HTTP/1.1" 404 47 "-" "PostmanRuntime/7.29.2"

info: ::1 - - [10/Nov/2022:04:20:54 +0000] "GET /api/v1/users/delete/636c6bf9d445df3688891649 HTTP/1.1" 404 47 "-" "PostmanRuntime/7.29.2"

info: ::1 - - [10/Nov/2022:04:21:54 +0000] "GET /api/v1/users/delete/636c6bf9d445df3688891649 HTTP/1.1" 404 47 "-" "PostmanRuntime/7.29.2"

info: ::1 - - [10/Nov/2022:04:22:13 +0000] "DELETE /api/v1/users/delete/636c6bf9d445df3688891649 HTTP/1.1" 200 60 "-" "PostmanRuntime/7.29.2"

info: ::1 - - [10/Nov/2022:04:24:42 +0000] "GET /api/v1/users HTTP/1.1" 200 287 "-" "PostmanRuntime/7.29.2"

info: ::1 - - [10/Nov/2022:04:25:46 +0000] "POST /api/v1/users HTTP/1.1" 201 285 "-" "PostmanRuntime/7.29.2"

info: ::1 - - [10/Nov/2022:04:26:29 +0000] "POST /api/v1/users HTTP/1.1" 500 102 "-" "PostmanRuntime/7.29.2"

info: ::1 - - [10/Nov/2022:04:26:36 +0000] "POST /api/v1/users HTTP/1.1" 500 102 "-" "PostmanRuntime/7.29.2"

info: ::1 - - [10/Nov/2022:04:26:41 +0000] "POST /api/v1/users HTTP/1.1" 201 275 "-" "PostmanRuntime/7.29.2"

info: ::1 - - [10/Nov/2022:08:20:04 +0000] "DELETE /api/v1/users HTTP/1.1" 404 47 "-" "PostmanRuntime/7.29.2"

info: ::1 - - [10/Nov/2022:08:20:15 +0000] "DELETE /api/v1/users HTTP/1.1" 404 47 "-" "PostmanRuntime/7.29.2"

info: ::1 - - [10/Nov/2022:08:20:21 +0000] "GET /api/v1/users HTTP/1.1" 200 733 "-" "PostmanRuntime/7.29.2"

info: ::1 - - [10/Nov/2022:08:21:46 +0000] "DELETE /api/v1/users HTTP/1.1" 500 79 "-" "PostmanRuntime/7.29.2"

info: ::1 - - [10/Nov/2022:08:24:57 +0000] "DELETE /api/v1/users HTTP/1.1" 500 79 "-" "PostmanRuntime/7.29.2"

info: ::1 - - [10/Nov/2022:08:24:59 +0000] "DELETE /api/v1/users HTTP/1.1" 500 79 "-" "PostmanRuntime/7.29.2"

info: ::1 - - [10/Nov/2022:08:25:40 +0000] "DELETE /api/v1/users HTTP/1.1" 500 79 "-" "PostmanRuntime/7.29.2"

info: ::1 - - [10/Nov/2022:08:25:56 +0000] "DELETE /api/v1/users HTTP/1.1" 500 79 "-" "PostmanRuntime/7.29.2"

info: ::1 - - [10/Nov/2022:08:26:40 +0000] "DELETE /api/v1/users HTTP/1.1" 200 64 "-" "PostmanRuntime/7.29.2"

info: ::1 - - [10/Nov/2022:08:26:51 +0000] "GET /api/v1/users HTTP/1.1" 200 65 "-" "PostmanRuntime/7.29.2"

info: ::1 - - [10/Nov/2022:08:38:51 +0000] "GET /api/v1/users HTTP/1.1" 200 65 "-" "PostmanRuntime/7.29.2"

info: ::1 - - [10/Nov/2022:08:38:56 +0000] "POST /api/v1/users HTTP/1.1" 201 275 "-" "PostmanRuntime/7.29.2"

info: ::1 - - [10/Nov/2022:08:39:01 +0000] "POST /api/v1/users HTTP/1.1" 201 275 "-" "PostmanRuntime/7.29.2"

info: ::1 - - [10/Nov/2022:08:39:03 +0000] "POST /api/v1/users HTTP/1.1" 201 275 "-" "PostmanRuntime/7.29.2"

info: ::1 - - [10/Nov/2022:08:39:04 +0000] "POST /api/v1/users HTTP/1.1" 201 275 "-" "PostmanRuntime/7.29.2"

info: ::1 - - [10/Nov/2022:08:39:09 +0000] "GET /api/v1/users HTTP/1.1" 200 936 "-" "PostmanRuntime/7.29.2"

info: ::1 - - [10/Nov/2022:08:39:22 +0000] "POST /api/v1/users HTTP/1.1" 201 275 "-" "PostmanRuntime/7.29.2"

info: ::1 - - [10/Nov/2022:08:39:28 +0000] "DELETE /api/v1/users HTTP/1.1" 500 81 "-" "PostmanRuntime/7.29.2"

info: ::1 - - [10/Nov/2022:08:42:03 +0000] "GET /api/v1/users HTTP/1.1" 200 1154 "-" "PostmanRuntime/7.29.2"

info: ::1 - - [10/Nov/2022:08:42:13 +0000] "DELETE /api/v1/users HTTP/1.1" 500 81 "-" "PostmanRuntime/7.29.2"

info: ::1 - - [10/Nov/2022:08:43:39 +0000] "GET /api/v1/users HTTP/1.1" 200 1154 "-" "PostmanRuntime/7.29.2"

info: ::1 - - [10/Nov/2022:08:43:47 +0000] "POST /api/v1/users HTTP/1.1" 201 275 "-" "PostmanRuntime/7.29.2"

info: ::1 - - [10/Nov/2022:08:43:52 +0000] "DELETE /api/v1/users HTTP/1.1" 500 81 "-" "PostmanRuntime/7.29.2"

info: ::1 - - [10/Nov/2022:08:44:22 +0000] "GET /api/v1/users HTTP/1.1" 200 1372 "-" "PostmanRuntime/7.29.2"

info: ::1 - - [10/Nov/2022:08:45:21 +0000] "DELETE /api/v1/users HTTP/1.1" 500 81 "-" "PostmanRuntime/7.29.2"

info: ::1 - - [10/Nov/2022:08:59:22 +0000] "GET /api/v1/users HTTP/1.1" 200 1372 "-" "PostmanRuntime/7.29.2"

info: ::1 - - [10/Nov/2022:08:59:30 +0000] "DELETE /api/v1/users HTTP/1.1" 500 77 "-" "PostmanRuntime/7.29.2"

info: ::1 - - [10/Nov/2022:09:00:30 +0000] "DELETE /api/v1/users HTTP/1.1" 500 77 "-" "PostmanRuntime/7.29.2"

info: ::1 - - [10/Nov/2022:09:04:13 +0000] "DELETE /api/v1/users HTTP/1.1" 200 65 "-" "PostmanRuntime/7.29.2"

info: ::1 - - [10/Nov/2022:09:04:53 +0000] "GET /api/v1/users HTTP/1.1" 200 65 "-" "PostmanRuntime/7.29.2"

info: ::1 - - [10/Nov/2022:09:05:01 +0000] "DELETE /api/v1/users HTTP/1.1" 200 64 "-" "PostmanRuntime/7.29.2"

info: ::1 - - [10/Nov/2022:09:08:53 +0000] "GET /api/v1/users HTTP/1.1" 200 65 "-" "PostmanRuntime/7.29.2"

info: ::1 - - [10/Nov/2022:09:08:54 +0000] "GET /api/v1/users HTTP/1.1" 200 65 "-" "PostmanRuntime/7.29.2"

info: ::1 - - [10/Nov/2022:09:08:59 +0000] "GET /api/v1/users HTTP/1.1" 200 65 "-" "PostmanRuntime/7.29.2"

info: ::1 - - [10/Nov/2022:09:09:00 +0000] "GET /api/v1/users HTTP/1.1" 200 65 "-" "PostmanRuntime/7.29.2"

info: ::1 - - [10/Nov/2022:09:09:07 +0000] "GET /api/v1/users HTTP/1.1" 200 65 "-" "PostmanRuntime/7.29.2"

info: ::1 - - [10/Nov/2022:09:09:10 +0000] "GET /api/v1/users HTTP/1.1" 200 65 "-" "PostmanRuntime/7.29.2"

info: ::1 - - [10/Nov/2022:09:09:21 +0000] "POST /api/v1/users HTTP/1.1" 201 275 "-" "PostmanRuntime/7.29.2"

info: ::1 - - [10/Nov/2022:09:09:22 +0000] "POST /api/v1/users HTTP/1.1" 201 275 "-" "PostmanRuntime/7.29.2"

info: ::1 - - [10/Nov/2022:09:09:36 +0000] "GET /api/v1/users HTTP/1.1" 200 500 "-" "PostmanRuntime/7.29.2"

info: ::1 - - [10/Nov/2022:09:09:42 +0000] "GET /api/v1/users HTTP/1.1" 200 500 "-" "PostmanRuntime/7.29.2"

info: ::1 - - [10/Nov/2022:09:09:47 +0000] "GET /api/v1/users HTTP/1.1" 200 500 "-" "PostmanRuntime/7.29.2"

info: ::1 - - [10/Nov/2022:09:09:55 +0000] "POST /api/v1/users HTTP/1.1" 201 275 "-" "PostmanRuntime/7.29.2"

info: ::1 - - [10/Nov/2022:09:10:14 +0000] "GET /api/v1/users HTTP/1.1" 200 718 "-" "PostmanRuntime/7.29.2"

info: ::1 - - [10/Nov/2022:09:10:25 +0000] "GET /api/v1/users HTTP/1.1" 200 718 "-" "PostmanRuntime/7.29.2"

info: ::1 - - [10/Nov/2022:09:10:36 +0000] "GET /api/v1/users HTTP/1.1" 200 718 "-" "PostmanRuntime/7.29.2"

info: ::1 - - [10/Nov/2022:09:10:44 +0000] "GET /api/v1/users HTTP/1.1" 200 718 "-" "PostmanRuntime/7.29.2"

info: ::1 - - [10/Nov/2022:09:10:52 +0000] "POST /api/v1/users HTTP/1.1" 201 277 "-" "PostmanRuntime/7.29.2"

info: ::1 - - [10/Nov/2022:09:11:20 +0000] "POST /api/v1/users HTTP/1.1" 201 277 "-" "PostmanRuntime/7.29.2"

info: ::1 - - [10/Nov/2022:09:12:26 +0000] "POST /api/v1/users HTTP/1.1" 201 277 "-" "PostmanRuntime/7.29.2"

info: ::1 - - [10/Nov/2022:09:12:52 +0000] "GET /api/v1/users HTTP/1.1" 200 1378 "-" "PostmanRuntime/7.29.2"

info: ::1 - - [10/Nov/2022:09:14:42 +0000] "DELETE /api/v1/users HTTP/1.1" 200 64 "-" "PostmanRuntime/7.29.2"

info: ::1 - - [10/Nov/2022:09:14:48 +0000] "GET /api/v1/users HTTP/1.1" 200 65 "-" "PostmanRuntime/7.29.2"

info: ::1 - - [10/Nov/2022:09:14:55 +0000] "POST /api/v1/users HTTP/1.1" 201 280 "-" "PostmanRuntime/7.29.2"

info: ::1 - - [10/Nov/2022:09:14:59 +0000] "POST /api/v1/users HTTP/1.1" 201 280 "-" "PostmanRuntime/7.29.2"

info: ::1 - - [10/Nov/2022:09:15:01 +0000] "POST /api/v1/users HTTP/1.1" 201 280 "-" "PostmanRuntime/7.29.2"

info: ::1 - - [10/Nov/2022:09:15:03 +0000] "POST /api/v1/users HTTP/1.1" 201 280 "-" "PostmanRuntime/7.29.2"

info: ::1 - - [10/Nov/2022:09:15:07 +0000] "GET /api/v1/users HTTP/1.1" 200 956 "-" "PostmanRuntime/7.29.2"

info: ::1 - - [10/Nov/2022:09:38:29 +0000] "GET /api/v1/users?_id=636cc10fd9e8f33050bf20fb HTTP/1.1" 200 956 "-" "PostmanRuntime/7.29.2"

info: ::1 - - [10/Nov/2022:10:20:49 +0000] "GET /api/v1/users HTTP/1.1" 200 956 "-" "PostmanRuntime/7.29.2"

info: ::1 - - [10/Nov/2022:10:21:02 +0000] "GET /api/v1/users/Rohit456 HTTP/1.1" 500 130 "-" "PostmanRuntime/7.29.2"

info: ::1 - - [10/Nov/2022:10:22:46 +0000] "GET /api/v1/users/Rohit456 HTTP/1.1" 500 130 "-" "PostmanRuntime/7.29.2"

info: ::1 - - [10/Nov/2022:10:22:47 +0000] "GET /api/v1/users/Rohit456 HTTP/1.1" 500 130 "-" "PostmanRuntime/7.29.2"

info: ::1 - - [10/Nov/2022:10:23:15 +0000] "GET /api/v1/users HTTP/1.1" 200 956 "-" "PostmanRuntime/7.29.2"

info: ::1 - - [10/Nov/2022:10:23:28 +0000] "POST /api/v1/users HTTP/1.1" 201 277 "-" "PostmanRuntime/7.29.2"

info: ::1 - - [10/Nov/2022:10:23:39 +0000] "POST /api/v1/users/Rohit HTTP/1.1" 404 47 "-" "PostmanRuntime/7.29.2"

info: ::1 - - [10/Nov/2022:10:23:46 +0000] "GET /api/v1/users/Rohit HTTP/1.1" 500 127 "-" "PostmanRuntime/7.29.2"

info: ::1 - - [10/Nov/2022:10:25:09 +0000] "GET /api/v1/users/firstName/Rohit HTTP/1.1" 500 59 "-" "PostmanRuntime/7.29.2"

info: ::1 - - [10/Nov/2022:10:25:58 +0000] "POST /api/v1/users/firstName/Rohit HTTP/1.1" 404 47 "-" "PostmanRuntime/7.29.2"

info: ::1 - - [10/Nov/2022:10:26:06 +0000] "POST /api/v1/users HTTP/1.1" 201 277 "-" "PostmanRuntime/7.29.2"

info: ::1 - - [10/Nov/2022:10:26:23 +0000] "POST /api/v1/users/firstName/Rohit HTTP/1.1" 404 47 "-" "PostmanRuntime/7.29.2"

info: ::1 - - [10/Nov/2022:10:26:29 +0000] "GET /api/v1/users/firstName/Rohit HTTP/1.1" 500 59 "-" "PostmanRuntime/7.29.2"

info: ::1 - - [10/Nov/2022:10:27:36 +0000] "GET /api/v1/users/firstName/Rohit HTTP/1.1" 500 94 "-" "PostmanRuntime/7.29.2"

info: ::1 - - [10/Nov/2022:10:28:06 +0000] "GET /api/v1/users/firstName/Rohit HTTP/1.1" 500 97 "-" "PostmanRuntime/7.29.2"

info: ::1 - - [10/Nov/2022:10:28:09 +0000] "GET /api/v1/users/firstName/Rohit HTTP/1.1" 500 97 "-" "PostmanRuntime/7.29.2"

info: ::1 - - [10/Nov/2022:10:30:07 +0000] "GET /api/v1/users/firstName/Rohit HTTP/1.1" 500 97 "-" "PostmanRuntime/7.29.2"

info: ::1 - - [10/Nov/2022:10:30:45 +0000] "GET /api/v1/users/firstName/Rohit HTTP/1.1" 500 127 "-" "PostmanRuntime/7.29.2"

info: ::1 - - [10/Nov/2022:10:31:14 +0000] "GET /api/v1/users/firstName/Rohit HTTP/1.1" 500 97 "-" "PostmanRuntime/7.29.2"

info: ::1 - - [10/Nov/2022:10:35:21 +0000] "GET /api/v1/users/firstName/Rohit HTTP/1.1" 500 97 "-" "PostmanRuntime/7.29.2"

info: ::1 - - [10/Nov/2022:10:36:20 +0000] "GET /api/v1/users/firstName/Rohit HTTP/1.1" 500 127 "-" "PostmanRuntime/7.29.2"

info: ::1 - - [10/Nov/2022:10:39:07 +0000] "GET /api/v1/users/firstName/Rohit HTTP/1.1" 500 97 "-" "PostmanRuntime/7.29.2"

info: ::1 - - [10/Nov/2022:10:42:20 +0000] "GET /api/v1/users/firstName/Rohit HTTP/1.1" 500 94 "-" "PostmanRuntime/7.29.2"

info: ::1 - - [10/Nov/2022:10:43:50 +0000] "GET /api/v1/users/firstName/Rohit HTTP/1.1" 500 94 "-" "PostmanRuntime/7.29.2"

info: ::1 - - [10/Nov/2022:10:44:46 +0000] "GET /api/v1/users/firstName/Rohit HTTP/1.1" 500 94 "-" "PostmanRuntime/7.29.2"

info: ::1 - - [10/Nov/2022:11:33:51 +0000] "POST /api/v1/users HTTP/1.1" 201 277 "-" "PostmanRuntime/7.29.2"

info: ::1 - - [10/Nov/2022:11:34:19 +0000] "GET /api/v1/users/firstName/Rohit HTTP/1.1" 500 94 "-" "PostmanRuntime/7.29.2"

info: ::1 - - [10/Nov/2022:11:35:22 +0000] "GET /api/v1/users/firstName/Rohit HTTP/1.1" 500 94 "-" "PostmanRuntime/7.29.2"

info: ::1 - - [10/Nov/2022:11:35:50 +0000] "GET /api/v1/users/firstname/Rohit HTTP/1.1" 500 94 "-" "PostmanRuntime/7.29.2"

info: ::1 - - [10/Nov/2022:11:36:44 +0000] "GET /api/v1/users/firstname/Rohit HTTP/1.1" 500 59 "-" "PostmanRuntime/7.29.2"

info: ::1 - - [10/Nov/2022:11:37:11 +0000] "GET /api/v1/users/firstname/Rohit HTTP/1.1" 500 97 "-" "PostmanRuntime/7.29.2"

info: ::1 - - [10/Nov/2022:11:38:21 +0000] "GET /api/v1/users/firstname/Rohit HTTP/1.1" 500 97 "-" "PostmanRuntime/7.29.2"

info: ::1 - - [10/Nov/2022:11:50:26 +0000] "GET /api/v1/users/firstname/Rohit HTTP/1.1" 200 279 "-" "PostmanRuntime/7.29.2"

info: ::1 - - [10/Nov/2022:11:50:59 +0000] "GET /api/v1/users/firstname/Rohit HTTP/1.1" 200 277 "-" "PostmanRuntime/7.29.2"

